<?xml version="1.0" encoding="UTF-8"?>
<testng-results skipped="0" failed="0" ignored="1" total="7" passed="6">
  <reporter-output>
  </reporter-output>
  <suite name="Booking Suite" duration-ms="67" started-at="2022-07-18T18:36:18 MST" finished-at="2022-07-18T18:36:18 MST">
    <groups>
    </groups>
    <test name="Create Booking Test- Apply discount - Pay@Hotel" duration-ms="67" started-at="2022-07-18T18:36:18 MST" finished-at="2022-07-18T18:36:18 MST">
      <class name="testcases.PaymentManager">
        <test-method status="PASS" signature="applyDiscount()[pri:0, instance:testcases.PaymentManager@28864e92]" name="applyDiscount" duration-ms="1" started-at="2022-07-18T18:36:18 MST" finished-at="2022-07-18T18:36:18 MST">
          <reporter-output>
          </reporter-output>
        </test-method> <!-- applyDiscount -->
        <test-method status="PASS" signature="makePayment(java.lang.String, org.testng.ITestContext)[pri:0, instance:testcases.PaymentManager@28864e92]" name="makePayment" duration-ms="0" started-at="2022-07-18T18:36:18 MST" finished-at="2022-07-18T18:36:18 MST">
          <params>
            <param index="0">
              <value>
                <![CDATA[Pay@Hotel]]>
              </value>
            </param>
            <param index="1">
              <value>
                <![CDATA[org.testng.TestRunner@4439f31e]]>
              </value>
            </param>
          </params>
          <reporter-output>
          </reporter-output>
        </test-method> <!-- makePayment -->
      </class> <!-- testcases.PaymentManager -->
      <class name="testcases.BookingSearch">
        <test-method status="PASS" signature="serachHotel()[pri:0, instance:testcases.BookingSearch@721e0f4f]" name="serachHotel" duration-ms="8" started-at="2022-07-18T18:36:18 MST" finished-at="2022-07-18T18:36:18 MST">
          <reporter-output>
          </reporter-output>
        </test-method> <!-- serachHotel -->
        <test-method status="PASS" signature="selectHotel()[pri:0, instance:testcases.BookingSearch@721e0f4f]" name="selectHotel" duration-ms="0" started-at="2022-07-18T18:36:18 MST" finished-at="2022-07-18T18:36:18 MST">
          <reporter-output>
          </reporter-output>
        </test-method> <!-- selectHotel -->
        <test-method status="PASS" signature="enterGuestInfo()[pri:0, instance:testcases.BookingSearch@721e0f4f]" name="enterGuestInfo" duration-ms="0" started-at="2022-07-18T18:36:18 MST" finished-at="2022-07-18T18:36:18 MST">
          <reporter-output>
          </reporter-output>
        </test-method> <!-- enterGuestInfo -->
      </class> <!-- testcases.BookingSearch -->
      <class name="testcases.CustomerCommunicatios">
        <test-method status="PASS" signature="checkEmail(org.testng.ITestContext)[pri:0, instance:testcases.CustomerCommunicatios@6ea6d14e]" name="checkEmail" duration-ms="1" started-at="2022-07-18T18:36:18 MST" finished-at="2022-07-18T18:36:18 MST">
          <params>
            <param index="0">
              <value>
                <![CDATA[org.testng.TestRunner@4439f31e]]>
              </value>
            </param>
          </params>
          <reporter-output>
          </reporter-output>
        </test-method> <!-- checkEmail -->
      </class> <!-- testcases.CustomerCommunicatios -->
    </test> <!-- Create Booking Test- Apply discount - Pay@Hotel -->
  </suite> <!-- Booking Suite -->
</testng-results>
