<?xml version="1.0" encoding="UTF-8"?>
<!-- Generated by org.testng.reporters.JUnitXMLReporter -->
<testsuite hostname="DESKTOP-OE22EG5" ignored="1" name="Command line test faef720c-4a59-48ba-acba-ecf4458b2a82" tests="12" failures="0" timestamp="2022-07-17T19:19:42 MST" time="0.07" errors="0">
  <testcase name="serachHotel" time="0.008" classname="testcases.BookingSearch"/>
  <testcase name="serachHotel" time="0.008" classname="testcases.BookingSearch"/>
  <testcase name="selectHotel" time="0.0" classname="testcases.BookingSearch"/>
  <testcase name="selectHotel" time="0.001" classname="testcases.BookingSearch"/>
  <testcase name="enterGuestInfo" time="0.0" classname="testcases.BookingSearch"/>
  <testcase name="enterGuestInfo" time="0.0" classname="testcases.BookingSearch"/>
  <testcase name="checkEmail" time="0.0" classname="testcases.CustomerCommunicatios"/>
  <testcase name="checkEmail" time="0.0" classname="testcases.CustomerCommunicatios"/>
  <testcase name="applyDiscount" time="0.0" classname="testcases.PaymentManager"/>
  <testcase name="applyDiscount" time="0.0" classname="testcases.PaymentManager"/>
  <testcase name="makePayment" time="0.0" classname="testcases.PaymentManager"/>
  <testcase name="makePayment" time="0.0" classname="testcases.PaymentManager"/>
  <testcase name="loadBooking" time="0.0" classname="testcases.BookingSearch">
    <ignored/>
  </testcase> <!-- loadBooking -->
</testsuite> <!-- Command line test faef720c-4a59-48ba-acba-ecf4458b2a82 -->
