<?xml version="1.0" encoding="UTF-8"?>
<!-- Generated by org.testng.reporters.JUnitXMLReporter -->
<testsuite hostname="DESKTOP-OE22EG5" ignored="1" name="Command line test f3574871-5f7f-45b5-85e3-031ed2f6e2ea" tests="6" failures="0" timestamp="2022-07-17T19:20:08 MST" time="0.004" errors="0">
  <testcase name="serachHotel" time="0.0" classname="testcases.BookingSearch"/>
  <testcase name="selectHotel" time="0.0" classname="testcases.BookingSearch"/>
  <testcase name="enterGuestInfo" time="0.0" classname="testcases.BookingSearch"/>
  <testcase name="applyDiscount" time="0.0" classname="testcases.PaymentManager"/>
  <testcase name="makePayment" time="0.0" classname="testcases.PaymentManager"/>
  <testcase name="checkEmail" time="0.0" classname="testcases.CustomerCommunicatios"/>
  <testcase name="loadBooking" time="0.0" classname="testcases.BookingSearch">
    <ignored/>
  </testcase> <!-- loadBooking -->
</testsuite> <!-- Command line test f3574871-5f7f-45b5-85e3-031ed2f6e2ea -->
