<?xml version="1.0" encoding="UTF-8"?>
<!-- Generated by org.testng.reporters.JUnitXMLReporter -->
<testsuite hostname="DESKTOP-OE22EG5" ignored="1" name="Command line test 1accb151-d015-4027-8ac9-41e63b94e282" tests="6" failures="0" timestamp="2022-07-17T16:18:15 MST" time="0.005" errors="0">
  <testcase name="serachHotel" time="0.0" classname="testcases.BookingSearch"/>
  <testcase name="selectHotel" time="0.0" classname="testcases.BookingSearch"/>
  <testcase name="enterGuestInfo" time="0.0" classname="testcases.BookingSearch"/>
  <testcase name="applyDiscount" time="0.0" classname="testcases.PaymentManager"/>
  <testcase name="makePayment" time="0.0" classname="testcases.PaymentManager"/>
  <testcase name="checkEmail" time="0.0" classname="testcases.CustomerCommunicatios"/>
  <testcase name="loadBooking" time="0.0" classname="testcases.BookingSearch">
    <ignored/>
  </testcase> <!-- loadBooking -->
</testsuite> <!-- Command line test 1accb151-d015-4027-8ac9-41e63b94e282 -->
