<?xml version="1.0" encoding="UTF-8"?>
<!-- Generated by org.testng.reporters.JUnitXMLReporter -->
<testsuite hostname="DESKTOP-OE22EG5" ignored="0" name="Create Booking Test" tests="6" failures="0" timestamp="2022-07-15T11:19:32 MST" time="0.098" errors="0">
  <testcase name="serachHotel" time="0.018" classname="testcases.BookingSearch"/>
  <testcase name="selectHotel" time="0.001" classname="testcases.BookingSearch"/>
  <testcase name="enterGuestInfo" time="0.002" classname="testcases.BookingSearch"/>
  <testcase name="applyDiscount" time="0.001" classname="testcases.PaymentManager"/>
  <testcase name="makePayment" time="0.001" classname="testcases.PaymentManager"/>
  <testcase name="checkEmail" time="0.002" classname="testcases.CustomerCommunicatios"/>
</testsuite> <!-- Create Booking Test -->
