<?xml version="1.0" encoding="UTF-8"?>
<!-- Generated by org.testng.reporters.JUnitXMLReporter -->
<testsuite hostname="DESKTOP-OE22EG5" ignored="1" name="Create Booking Test- Apply discount - Pay@Hotel" tests="6" failures="0" timestamp="2022-07-18T18:36:18 MST" time="0.067" errors="0">
  <testcase name="serachHotel" time="0.008" classname="testcases.BookingSearch"/>
  <testcase name="selectHotel" time="0.0" classname="testcases.BookingSearch"/>
  <testcase name="enterGuestInfo" time="0.0" classname="testcases.BookingSearch"/>
  <testcase name="applyDiscount" time="0.001" classname="testcases.PaymentManager"/>
  <testcase name="makePayment" time="0.0" classname="testcases.PaymentManager"/>
  <testcase name="checkEmail" time="0.001" classname="testcases.CustomerCommunicatios"/>
  <testcase name="loadBooking" time="0.0" classname="testcases.BookingSearch">
    <ignored/>
  </testcase> <!-- loadBooking -->
</testsuite> <!-- Create Booking Test- Apply discount - Pay@Hotel -->
