<?xml version="1.0" encoding="UTF-8"?>
<!-- Generated by org.testng.reporters.JUnitXMLReporter -->
<testsuite hostname="DESKTOP-OE22EG5" ignored="4" name="Create Portfolio Test" tests="2" failures="0" timestamp="2022-07-28T18:01:24 MST" time="14.776" errors="0">
  <testcase name="doLogin" time="7.018" classname="testcases.rediff.Session"/>
  <testcase name="createPortfolio" time="6.959" classname="testcases.rediff.PortfolioManagement"/>
  <testcase name="doLogout" time="0.0" classname="testcases.rediff.Session">
    <ignored/>
  </testcase> <!-- doLogout -->
  <testcase name="@BeforeTest beforeTest" time="0.0" classname="testbase.BaseTest">
    <ignored/>
  </testcase> <!-- @BeforeTest beforeTest -->
  <testcase name="deletePortfolio" time="0.0" classname="testcases.rediff.PortfolioManagement">
    <ignored/>
  </testcase> <!-- deletePortfolio -->
  <testcase name="@AfterTest quit" time="0.0" classname="testbase.BaseTest">
    <ignored/>
  </testcase> <!-- @AfterTest quit -->
</testsuite> <!-- Create Portfolio Test -->
