<?xml version="1.0" encoding="UTF-8"?>
<!-- Generated by org.testng.reporters.JUnitXMLReporter -->
<testsuite hostname="DESKTOP-OE22EG5" ignored="1" name="Delete Portfolio Test" tests="1" failures="1" timestamp="2022-07-28T18:01:24 MST" time="0.033" errors="0">
  <testcase name="deletePortfolio" time="0.001" classname="testcases.rediff.PortfolioManagement">
    <failure type="java.lang.IllegalArgumentException" message="Input must be set">
      <![CDATA[java.lang.IllegalArgumentException: Input must be set
at org.openqa.selenium.internal.Require.nonNull(Require.java:51)
at org.openqa.selenium.support.ui.FluentWait.<init>(FluentWait.java:100)
at org.openqa.selenium.support.ui.WebDriverWait.<init>(WebDriverWait.java:128)
at org.openqa.selenium.support.ui.WebDriverWait.<init>(WebDriverWait.java:61)
at keywords.GenericKeywords.isElementPrestent(GenericKeywords.java:105)
at keywords.GenericKeywords.getElemnt(GenericKeywords.java:86)
at keywords.GenericKeywords.selectByVisibleText(GenericKeywords.java:256)
at testcases.rediff.PortfolioManagement.deletePortfolio(PortfolioManagement.java:35)
at java.util.ArrayList.forEach(Unknown Source)
... Removed 27 stack frames]]>
    </failure>
  </testcase> <!-- deletePortfolio -->
  <testcase name="createPortfolio" time="0.0" classname="testcases.rediff.PortfolioManagement">
    <ignored/>
  </testcase> <!-- createPortfolio -->
</testsuite> <!-- Delete Portfolio Test -->
